<?xml version="1.0" encoding="UTF-8"?>
<!-- Generated by org.testng.reporters.JUnitReportReporter -->
<testsuite skipped="0" hostname="DESKTOP-LHE3BOF" name="testClasses.EMICalculatorTest" tests="1" failures="0" timestamp="13 Jun 2020 06:02:25 GMT" time="14.138" errors="0">
  <testcase name="emicalculator" time="14.138" classname="testClasses.EMICalculatorTest"/>
</testsuite> <!-- testClasses.EMICalculatorTest -->
